<?xml version="1.0" encoding="UTF-8"?>
<testng-results ignored="0" total="1" passed="1" failed="0" skipped="0">
  <reporter-output>
  </reporter-output>
  <suite started-at="2024-04-18T12:21:35 CEST" name="Smoky" finished-at="2024-04-18T12:21:41 CEST" duration-ms="6200">
    <groups>
    </groups>
    <test started-at="2024-04-18T12:21:35 CEST" name="Smoky" finished-at="2024-04-18T12:21:41 CEST" duration-ms="6200">
      <class name="com.demoqa.tests.PracticeFormTest">
        <test-method is-config="true" signature="init()[pri:0, instance:com.demoqa.tests.PracticeFormTest@74455848]" started-at="2024-04-18T12:21:35 CEST" name="init" finished-at="2024-04-18T12:21:38 CEST" duration-ms="3712" status="PASS">
          <reporter-output>
          </reporter-output>
        </test-method> <!-- init -->
        <test-method is-config="true" signature="precondition()[pri:0, instance:com.demoqa.tests.PracticeFormTest@74455848]" started-at="2024-04-18T12:21:38 CEST" name="precondition" finished-at="2024-04-18T12:21:39 CEST" duration-ms="244" status="PASS">
          <reporter-output>
          </reporter-output>
        </test-method> <!-- precondition -->
        <test-method signature="createStudentAccount()[pri:0, instance:com.demoqa.tests.PracticeFormTest@74455848]" started-at="2024-04-18T12:21:39 CEST" name="createStudentAccount" finished-at="2024-04-18T12:21:41 CEST" duration-ms="1946" status="PASS">
          <reporter-output>
          </reporter-output>
        </test-method> <!-- createStudentAccount -->
        <test-method is-config="true" signature="tearDown()[pri:0, instance:com.demoqa.tests.PracticeFormTest@74455848]" started-at="2024-04-18T12:21:41 CEST" name="tearDown" finished-at="2024-04-18T12:21:41 CEST" duration-ms="253" status="PASS">
          <reporter-output>
          </reporter-output>
        </test-method> <!-- tearDown -->
      </class> <!-- com.demoqa.tests.PracticeFormTest -->
    </test> <!-- Smoky -->
  </suite> <!-- Smoky -->
</testng-results>
